<?xml version="1.0" encoding="UTF-8"?>
<!-- Generated by org.testng.reporters.JUnitXMLReporter -->
<testsuite ignored="0" hostname="DUDU" failures="0" tests="3" name="Default test" time="10.572" errors="0" timestamp="2024-06-23T19:34:28 IST">
  <testcase classname="interviewqs.NewTest" name="scenarios" time="6.291"/>
  <testcase classname="interviewqs.NewTest" name="scenarios" time="6.355"/>
  <testcase classname="interviewqs.NewTest" name="scenarios" time="4.193"/>
</testsuite> <!-- Default test -->
