<?xml version="1.0" encoding="UTF-8"?>
<!-- Generated by org.testng.reporters.JUnitXMLReporter -->
<testsuite ignored="0" hostname="DUDU" failures="1" tests="1" name="Test" time="0.066" errors="0" timestamp="2024-06-18T19:11:11 IST">
  <testcase classname="interviewqs.NewTest" name="scenarios" time="0.0">
    <failure type="org.testng.TestNGException" message="
Cannot inject @Test annotated Method [scenarios] with [class java.lang.String].
For more information on native dependency injection please refer to https://testng.org/doc/documentation-main.html#native-dependency-injection">
      <![CDATA[org.testng.TestNGException: 
Cannot inject @Test annotated Method [scenarios] with [class java.lang.String].
For more information on native dependency injection please refer to https://testng.org/doc/documentation-main.html#native-dependency-injection
at java.base/java.util.ArrayList.forEach(ArrayList.java:1597)
... Removed 26 stack frames]]>
    </failure>
  </testcase> <!-- scenarios -->
</testsuite> <!-- Test -->
